2024.12.06 16:33:39 WARN  Flyway upgrade recommended: H2 2.3.232 is newer than this version of Flyway and support has not been tested. The latest supported version of H2 is 2.2.224.
2024.12.06 16:33:39 INFO  no build target found for D:\Documents\CSCI330\languages-idcornell\Assignment2\Functionals\Functionals\hello-world\src\main\scala\Main.scala. Using presentation compiler with project's scala-library version: 3.3.4
Dec 06, 2024 4:33:43 PM org.eclipse.lsp4j.jsonrpc.RemoteEndpoint handleCancellation
WARNING: Unmatched cancel notification for request id 2
Dec 06, 2024 4:33:43 PM org.eclipse.lsp4j.jsonrpc.RemoteEndpoint handleCancellation
WARNING: Unmatched cancel notification for request id 1
2024.12.06 16:33:44 INFO  Running List(C:\Users\ianco\AppData\Local\Coursier\data\bin\scala-cli.BAT, setup-ide, D:\Documents\CSCI330\languages-idcornell)
2024.12.06 16:33:44 INFO  Attempting to connect to the build server...
2024.12.06 16:33:44 INFO  Running BSP server List(C:\Users\ianco\AppData\Local\Coursier\data\bin\.scala-cli.aux.exe, bsp, --json-options, D:\Documents\CSCI330\languages-idcornell\.scala-build\ide-options-v2.json, --json-launcher-options, D:\Documents\CSCI330\languages-idcornell\.scala-build\ide-launcher-options.json, --envs-file, D:\Documents\CSCI330\languages-idcornell\.scala-build\ide-envs.json, D:\Documents\CSCI330\languages-idcornell)
2024.12.06 16:33:45 INFO  BSP server: Downloading https://repo1.maven.org/maven2/ch/epfl/scala/bloop-frontend_2.12/2.0.0/bloop-frontend_2.12-2.0.0.pom
2024.12.06 16:33:44 INFO  tracing is disabled for protocol BSP, to enable tracing of incoming and outgoing JSON messages create an empty file at D:\Documents\CSCI330\languages-idcornell\.metals\bsp.trace.json or C:\Users\ianco\AppData\Local\scalameta\metals\cache\bsp.trace.json
2024.12.06 16:33:45 INFO  BSP server: Downloaded https://repo1.maven.org/maven2/ch/epfl/scala/bloop-frontend_2.12/2.0.0/bloop-frontend_2.12-2.0.0.pom
2024.12.06 16:33:45 INFO  BSP server: Downloading https://repo1.maven.org/maven2/ch/epfl/scala/bloop-backend_2.12/2.0.0/bloop-backend_2.12-2.0.0.pom
2024.12.06 16:33:45 INFO  BSP server: Downloading https://repo1.maven.org/maven2/ch/epfl/scala/libdaemon_2.12/0.0.12/libdaemon_2.12-0.0.12.pom
2024.12.06 16:33:45 INFO  BSP server: Downloading https://repo1.maven.org/maven2/ch/epfl/scala/bloop-config_2.12/2.0.3/bloop-config_2.12-2.0.3.pom
2024.12.06 16:33:45 INFO  BSP server: Downloading https://repo1.maven.org/maven2/ch/epfl/scala/bloop-shared_2.12/2.0.0/bloop-shared_2.12-2.0.0.pom
2024.12.06 16:33:45 INFO  BSP server: Downloaded https://repo1.maven.org/maven2/ch/epfl/scala/libdaemon_2.12/0.0.12/libdaemon_2.12-0.0.12.pom
2024.12.06 16:33:45 INFO  BSP server: Downloaded https://repo1.maven.org/maven2/ch/epfl/scala/bloop-config_2.12/2.0.3/bloop-config_2.12-2.0.3.pom
2024.12.06 16:33:45 INFO  BSP server: Downloaded https://repo1.maven.org/maven2/ch/epfl/scala/bloop-backend_2.12/2.0.0/bloop-backend_2.12-2.0.0.pom
2024.12.06 16:33:45 INFO  BSP server: Downloaded https://repo1.maven.org/maven2/ch/epfl/scala/bloop-shared_2.12/2.0.0/bloop-shared_2.12-2.0.0.pom
2024.12.06 16:33:45 INFO  BSP server: Downloading https://repo1.maven.org/maven2/io/github/alexarchambault/bleep/nailgun-server/1.0.7/nailgun-server-1.0.7.pom
2024.12.06 16:33:45 INFO  BSP server: Downloaded https://repo1.maven.org/maven2/io/github/alexarchambault/bleep/nailgun-server/1.0.7/nailgun-server-1.0.7.pom
2024.12.06 16:33:45 INFO  BSP server: Downloading https://repo1.maven.org/maven2/net/java/dev/jna/jna-platform/4.4.0/jna-platform-4.4.0.pom
2024.12.06 16:33:45 INFO  BSP server: Downloading https://repo1.maven.org/maven2/net/java/dev/jna/jna/4.5.2/jna-4.5.2.pom
2024.12.06 16:33:45 INFO  BSP server: Downloaded https://repo1.maven.org/maven2/net/java/dev/jna/jna-platform/4.4.0/jna-platform-4.4.0.pom
2024.12.06 16:33:45 INFO  BSP server: Downloaded https://repo1.maven.org/maven2/net/java/dev/jna/jna/4.5.2/jna-4.5.2.pom
2024.12.06 16:33:46 INFO  BSP server: Downloading https://repo1.maven.org/maven2/ch/epfl/scala/bloop-backend_2.12/2.0.0/bloop-backend_2.12-2.0.0.jar
2024.12.06 16:33:46 INFO  BSP server: Downloading https://repo1.maven.org/maven2/ch/epfl/scala/bloop-frontend_2.12/2.0.0/bloop-frontend_2.12-2.0.0.jar
2024.12.06 16:33:46 INFO  BSP server: Downloading https://repo1.maven.org/maven2/ch/epfl/scala/libdaemon_2.12/0.0.12/libdaemon_2.12-0.0.12.jar
2024.12.06 16:33:46 INFO  BSP server: Downloading https://repo1.maven.org/maven2/ch/epfl/scala/bloop-shared_2.12/2.0.0/bloop-shared_2.12-2.0.0.jar
2024.12.06 16:33:46 INFO  BSP server: Downloading https://repo1.maven.org/maven2/io/github/alexarchambault/bleep/nailgun-server/1.0.7/nailgun-server-1.0.7.jar
2024.12.06 16:33:46 INFO  BSP server: Downloading https://repo1.maven.org/maven2/ch/epfl/scala/bloop-config_2.12/2.0.3/bloop-config_2.12-2.0.3.jar
2024.12.06 16:33:46 INFO  BSP server: Downloaded https://repo1.maven.org/maven2/ch/epfl/scala/libdaemon_2.12/0.0.12/libdaemon_2.12-0.0.12.jar
2024.12.06 16:33:46 INFO  BSP server: Downloaded https://repo1.maven.org/maven2/io/github/alexarchambault/bleep/nailgun-server/1.0.7/nailgun-server-1.0.7.jar
2024.12.06 16:33:46 INFO  BSP server: Downloaded https://repo1.maven.org/maven2/ch/epfl/scala/bloop-config_2.12/2.0.3/bloop-config_2.12-2.0.3.jar
2024.12.06 16:33:46 INFO  BSP server: Downloaded https://repo1.maven.org/maven2/ch/epfl/scala/bloop-shared_2.12/2.0.0/bloop-shared_2.12-2.0.0.jar
2024.12.06 16:33:46 INFO  BSP server: Downloaded https://repo1.maven.org/maven2/ch/epfl/scala/bloop-backend_2.12/2.0.0/bloop-backend_2.12-2.0.0.jar
2024.12.06 16:33:46 INFO  BSP server: Downloaded https://repo1.maven.org/maven2/ch/epfl/scala/bloop-frontend_2.12/2.0.0/bloop-frontend_2.12-2.0.0.jar
2024.12.06 16:33:46 INFO  BSP server: Starting compilation server
2024.12.06 16:33:53 INFO  BSP server: Downloading https://repo1.maven.org/maven2/org/scala-lang/scala3-sbt-bridge/3.5.0/scala3-sbt-bridge-3.5.0.pom
2024.12.06 16:33:53 INFO  BSP server: Downloaded https://repo1.maven.org/maven2/org/scala-lang/scala3-sbt-bridge/3.5.0/scala3-sbt-bridge-3.5.0.pom
2024.12.06 16:33:53 INFO  BSP server: Downloading https://repo1.maven.org/maven2/org/scala-lang/scala3-sbt-bridge/3.5.0/scala3-sbt-bridge-3.5.0.jar
2024.12.06 16:33:53 INFO  BSP server: Downloaded https://repo1.maven.org/maven2/org/scala-lang/scala3-sbt-bridge/3.5.0/scala3-sbt-bridge-3.5.0.jar
2024.12.06 16:33:53 INFO  time: Connected to build server in 8.87s
2024.12.06 16:33:53 INFO  Connected to Build server: scala-cli v1.5.0
2024.12.06 16:33:54 INFO  compiling languages-idcornell_f4dd477a3a (2 scala sources)
2024.12.06 16:33:56 INFO  time: Imported build in 2.55s
2024.12.06 16:33:56 INFO  running doctor check
2024.12.06 16:33:56 INFO  java targets: languages-idcornell_f4dd477a3a, languages-idcornell_f4dd477a3a-test
2024.12.06 16:33:56 INFO  compiling languages-idcornell_f4dd477a3a (2 scala sources)
2024.12.06 16:33:56 INFO  time: compiled languages-idcornell_f4dd477a3a in 0.2s
2024.12.06 16:33:59 WARN  Flyway upgrade recommended: H2 2.3.232 is newer than this version of Flyway and support has not been tested. The latest supported version of H2 is 2.2.224.
2024.12.06 16:34:01 INFO  compiling languages-idcornell_f4dd477a3a (2 scala sources)
2024.12.06 16:34:01 INFO  time: compiled languages-idcornell_f4dd477a3a in 0.16s
2024.12.06 16:34:08 INFO  time: indexed workspace in 12s
2024.12.06 16:34:08 INFO  compiling languages-idcornell_f4dd477a3a (2 scala sources)
2024.12.06 16:34:08 INFO  time: compiled languages-idcornell_f4dd477a3a in 0.13s
2024.12.06 16:34:08 INFO  compiling languages-idcornell_f4dd477a3a (2 scala sources)
2024.12.06 16:34:08 INFO  time: compiled languages-idcornell_f4dd477a3a in 0.11s
2024.12.06 16:37:57 INFO  no build target found for D:\Documents\CSCI330\languages-idcornell\Assignment2\Functionals\Functionals\hello-world\src\main\scala\HelloWorldServer.scala.scala. Using presentation compiler with project's scala-library version: 3.3.4
2024.12.06 16:37:57 INFO  no build target found for D:\Documents\CSCI330\languages-idcornell\Assignment2\Functionals\Functionals\hello-world\src\main\scala\HelloWorldServer.scala.scala. Using presentation compiler with project's scala-library version: 3.3.4
2024.12.06 16:37:57 WARN  no build target for: D:\Documents\CSCI330\languages-idcornell\Assignment2\Functionals\Functionals\hello-world\src\main\scala\HelloWorldServer.scala.scala
2024.12.06 16:37:57 INFO  compiling languages-idcornell_f4dd477a3a (3 scala sources)
2024.12.06 16:37:57 INFO  time: compiled languages-idcornell_f4dd477a3a in 0.12s
2024.12.06 16:37:57 INFO  compiling languages-idcornell_f4dd477a3a (3 scala sources)
2024.12.06 16:37:57 INFO  time: compiled languages-idcornell_f4dd477a3a in 0.12s
2024.12.06 16:37:58 INFO  no build target found for D:\Documents\CSCI330\languages-idcornell\Assignment2\Functionals\Functionals\hello-world\src\main\scala\HelloWorldServer.scala.scala. Using presentation compiler with project's scala-library version: 3.3.4
2024.12.06 16:37:58 INFO  running doctor check
2024.12.06 16:37:58 INFO  java targets: languages-idcornell_f4dd477a3a, languages-idcornell_f4dd477a3a-test
2024.12.06 16:37:58 WARN  Could not find semantic tokens for: file:///D:/Documents/CSCI330/languages-idcornell/Assignment2/Functionals/Functionals/hello-world/src/main/scala/HelloWorldServer.scala.scala
2024.12.06 16:37:58 INFO  time: indexed workspace in 1.32s
2024.12.06 16:37:59 INFO  compiling languages-idcornell_f4dd477a3a (3 scala sources)
2024.12.06 16:37:59 INFO  time: compiled languages-idcornell_f4dd477a3a in 98ms
2024.12.06 16:37:59 WARN  Could not find semantic tokens for: file:///D:/Documents/CSCI330/languages-idcornell/Assignment2/Functionals/Functionals/hello-world/src/main/scala/HelloWorldServer.scala.scala
2024.12.06 16:38:05 INFO  no build target found for D:\Documents\CSCI330\languages-idcornell\Assignment2\Functionals\Functionals\hello-world\src\main\scala\HelloWorldServer.scala. Using presentation compiler with project's scala-library version: 3.3.4
2024.12.06 16:38:05 INFO  no build target found for D:\Documents\CSCI330\languages-idcornell\Assignment2\Functionals\Functionals\hello-world\src\main\scala\HelloWorldServer.scala. Using presentation compiler with project's scala-library version: 3.3.4
2024.12.06 16:38:05 WARN  Could not find semantic tokens for: file:///D:/Documents/CSCI330/languages-idcornell/Assignment2/Functionals/Functionals/hello-world/src/main/scala/HelloWorldServer.scala
2024.12.06 16:38:05 INFO  Cancelling compilation on scala-cli server
2024.12.06 16:38:05 INFO  no build target found for D:\Documents\CSCI330\languages-idcornell\Assignment2\Functionals\Functionals\hello-world\src\main\scala\HelloWorldServer.scala. Using presentation compiler with project's scala-library version: 3.3.4
2024.12.06 16:38:05 INFO  compiling languages-idcornell_f4dd477a3a (3 scala sources)
2024.12.06 16:38:05 WARN  Could not find semantic tokens for: file:///D:/Documents/CSCI330/languages-idcornell/Assignment2/Functionals/Functionals/hello-world/src/main/scala/HelloWorldServer.scala
2024.12.06 16:38:05 INFO  time: compiled languages-idcornell_f4dd477a3a in 0.1s
2024.12.06 16:38:05 INFO  compiling languages-idcornell_f4dd477a3a (3 scala sources)
2024.12.06 16:38:06 INFO  time: Imported build in 0.14s
2024.12.06 16:38:06 INFO  running doctor check
2024.12.06 16:38:06 INFO  java targets: languages-idcornell_f4dd477a3a, languages-idcornell_f4dd477a3a-test
2024.12.06 16:38:05 INFO  compiling languages-idcornell_f4dd477a3a (3 scala sources)
2024.12.06 16:38:05 INFO  time: compiled languages-idcornell_f4dd477a3a in 77ms
2024.12.06 16:38:06 INFO  time: indexed workspace in 0.74s
2024.12.06 16:38:06 INFO  compiling languages-idcornell_f4dd477a3a (3 scala sources)
2024.12.06 16:38:06 INFO  time: compiled languages-idcornell_f4dd477a3a in 86ms
2024.12.06 16:38:07 WARN  Could not find semantic tokens for: file:///D:/Documents/CSCI330/languages-idcornell/Assignment2/Functionals/Functionals/hello-world/src/main/scala/HelloWorldServer.scala
2024.12.06 16:38:38 INFO  compiling languages-idcornell_f4dd477a3a (3 scala sources)
2024.12.06 16:38:38 INFO  time: compiled languages-idcornell_f4dd477a3a in 0.21s
2024.12.06 16:39:11 INFO  no build target found for D:\Documents\CSCI330\languages-idcornell\Assignment2\Functionals\Functionals\hello-world\build.sbt. Using presentation compiler with project's scala-library version: 3.3.4
2024.12.06 16:39:11 INFO  no build target found for D:\Documents\CSCI330\languages-idcornell\Assignment2\Functionals\Functionals\hello-world\build.sbt. Using presentation compiler with project's scala-library version: 3.3.4
2024.12.06 16:39:11 WARN  Could not find semantic tokens for: file:///D:/Documents/CSCI330/languages-idcornell/Assignment2/Functionals/Functionals/hello-world/build.sbt
2024.12.06 16:39:11 INFO  no build target found for D:\Documents\CSCI330\languages-idcornell\Assignment2\Functionals\Functionals\hello-world\build.sbt. Using presentation compiler with project's scala-library version: 3.3.4
2024.12.06 16:39:12 INFO  no build target found for D:\Documents\CSCI330\languages-idcornell\Assignment2\Functionals\Functionals\hello-world\build.sbt. Using presentation compiler with project's scala-library version: 3.3.4
2024.12.06 16:39:12 INFO  no build target found for D:\Documents\CSCI330\languages-idcornell\Assignment2\Functionals\Functionals\hello-world\build.sbt. Using presentation compiler with project's scala-library version: 3.3.4
2024.12.06 16:39:12 INFO  no build target found for D:\Documents\CSCI330\languages-idcornell\Assignment2\Functionals\Functionals\hello-world\build.sbt. Using presentation compiler with project's scala-library version: 3.3.4
2024.12.06 16:39:12 INFO  no build target found for D:\Documents\CSCI330\languages-idcornell\Assignment2\Functionals\Functionals\hello-world\build.sbt. Using presentation compiler with project's scala-library version: 3.3.4
2024.12.06 16:39:12 INFO  no build target found for D:\Documents\CSCI330\languages-idcornell\Assignment2\Functionals\Functionals\hello-world\build.sbt. Using presentation compiler with project's scala-library version: 3.3.4
2024.12.06 16:39:12 INFO  no build target found for D:\Documents\CSCI330\languages-idcornell\Assignment2\Functionals\Functionals\hello-world\build.sbt. Using presentation compiler with project's scala-library version: 3.3.4
2024.12.06 16:39:13 INFO  no build target found for D:\Documents\CSCI330\languages-idcornell\Assignment2\Functionals\Functionals\hello-world\build.sbt. Using presentation compiler with project's scala-library version: 3.3.4
Exception in thread "pool-19-thread-1" java.lang.InterruptedException
	at scala.meta.internal.metals.FutureCancelToken.checkCanceled(FutureCancelToken.scala:29)
	at scala.meta.internal.pc.CompilerAccess.onCompilerJobQueue$$anonfun$1(CompilerAccess.scala:244)
	at scala.meta.internal.pc.CompilerJobQueue$Job.run(CompilerJobQueue.scala:153)
	at java.base/java.util.concurrent.ThreadPoolExecutor.runWorker(ThreadPoolExecutor.java:1136)
	at java.base/java.util.concurrent.ThreadPoolExecutor$Worker.run(ThreadPoolExecutor.java:635)
	at java.base/java.lang.Thread.run(Thread.java:833)
2024.12.06 16:39:13 INFO  no build target found for D:\Documents\CSCI330\languages-idcornell\Assignment2\Functionals\Functionals\hello-world\build.sbt. Using presentation compiler with project's scala-library version: 3.3.4
2024.12.06 16:40:04 INFO  no build target found for D:\Documents\CSCI330\languages-idcornell\Assignment2\Functionals\Functionals\hello-world\build.sbt. Using presentation compiler with project's scala-library version: 3.3.4
2024.12.06 16:40:04 INFO  no build target found for D:\Documents\CSCI330\languages-idcornell\Assignment2\Functionals\Functionals\hello-world\build.sbt. Using presentation compiler with project's scala-library version: 3.3.4
2024.12.06 16:40:04 INFO  no build target found for D:\Documents\CSCI330\languages-idcornell\Assignment2\Functionals\Functionals\hello-world\build.sbt. Using presentation compiler with project's scala-library version: 3.3.4
2024.12.06 16:40:04 INFO  no build target found for D:\Documents\CSCI330\languages-idcornell\Assignment2\Functionals\Functionals\hello-world\build.sbt. Using presentation compiler with project's scala-library version: 3.3.4
2024.12.06 16:40:05 INFO  no build target found for D:\Documents\CSCI330\languages-idcornell\Assignment2\Functionals\Functionals\hello-world\build.sbt. Using presentation compiler with project's scala-library version: 3.3.4
2024.12.06 16:40:05 INFO  no build target found for D:\Documents\CSCI330\languages-idcornell\Assignment2\Functionals\Functionals\hello-world\build.sbt. Using presentation compiler with project's scala-library version: 3.3.4
2024.12.06 16:40:05 INFO  no build target found for D:\Documents\CSCI330\languages-idcornell\Assignment2\Functionals\Functionals\hello-world\build.sbt. Using presentation compiler with project's scala-library version: 3.3.4
2024.12.06 16:40:05 INFO  no build target found for D:\Documents\CSCI330\languages-idcornell\Assignment2\Functionals\Functionals\hello-world\build.sbt. Using presentation compiler with project's scala-library version: 3.3.4
2024.12.06 16:40:05 WARN  Could not find semantic tokens for: file:///D:/Documents/CSCI330/languages-idcornell/Assignment2/Functionals/Functionals/hello-world/build.sbt
2024.12.06 16:40:06 WARN  no build target for: D:\Documents\CSCI330\languages-idcornell\Assignment2\Functionals\Functionals\hello-world\build.sbt
2024.12.06 16:40:05 INFO  no build target found for D:\Documents\CSCI330\languages-idcornell\Assignment2\Functionals\Functionals\hello-world\build.sbt. Using presentation compiler with project's scala-library version: 3.3.4
2024.12.06 16:40:05 WARN  Could not find semantic tokens for: file:///D:/Documents/CSCI330/languages-idcornell/Assignment2/Functionals/Functionals/hello-world/build.sbt
2024.12.06 16:40:10 INFO  compiling languages-idcornell_f4dd477a3a (3 scala sources)
2024.12.06 16:40:10 INFO  time: compiled languages-idcornell_f4dd477a3a in 0.22s
2024.12.06 16:40:12 INFO  no build target found for D:\Documents\CSCI330\languages-idcornell\Assignment2\Functionals\Functionals\hello-world\build.sbt. Using presentation compiler with project's scala-library version: 3.3.4
2024.12.06 16:40:12 INFO  no build target found for D:\Documents\CSCI330\languages-idcornell\Assignment2\Functionals\Functionals\hello-world\build.sbt. Using presentation compiler with project's scala-library version: 3.3.4
2024.12.06 16:40:12 WARN  Could not find semantic tokens for: file:///D:/Documents/CSCI330/languages-idcornell/Assignment2/Functionals/Functionals/hello-world/build.sbt
2024.12.06 16:41:17 INFO  no build target found for D:\Documents\CSCI330\languages-idcornell\Assignment2\Functionals\Functionals\hello-world\build.sbt. Using presentation compiler with project's scala-library version: 3.3.4
2024.12.06 16:41:18 INFO  no build target found for D:\Documents\CSCI330\languages-idcornell\Assignment2\Functionals\Functionals\hello-world\build.sbt. Using presentation compiler with project's scala-library version: 3.3.4
2024.12.06 16:41:18 WARN  Could not find semantic tokens for: file:///D:/Documents/CSCI330/languages-idcornell/Assignment2/Functionals/Functionals/hello-world/build.sbt
2024.12.06 16:41:17 INFO  no build target found for D:\Documents\CSCI330\languages-idcornell\Assignment2\Functionals\Functionals\hello-world\build.sbt. Using presentation compiler with project's scala-library version: 3.3.4
2024.12.06 16:41:19 INFO  no build target found for D:\Documents\CSCI330\languages-idcornell\Assignment2\Functionals\Functionals\hello-world\build.sbt. Using presentation compiler with project's scala-library version: 3.3.4
2024.12.06 16:41:20 INFO  no build target found for D:\Documents\CSCI330\languages-idcornell\Assignment2\Functionals\Functionals\hello-world\build.sbt. Using presentation compiler with project's scala-library version: 3.3.4
2024.12.06 16:41:20 INFO  no build target found for D:\Documents\CSCI330\languages-idcornell\Assignment2\Functionals\Functionals\hello-world\build.sbt. Using presentation compiler with project's scala-library version: 3.3.4
2024.12.06 16:41:23 INFO  no build target found for D:\Documents\CSCI330\languages-idcornell\Assignment2\Functionals\Functionals\hello-world\build.sbt. Using presentation compiler with project's scala-library version: 3.3.4
2024.12.06 16:41:25 INFO  no build target found for D:\Documents\CSCI330\languages-idcornell\Assignment2\Functionals\Functionals\hello-world\build.sbt. Using presentation compiler with project's scala-library version: 3.3.4
2024.12.06 16:41:25 INFO  no build target found for D:\Documents\CSCI330\languages-idcornell\Assignment2\Functionals\Functionals\hello-world\build.sbt. Using presentation compiler with project's scala-library version: 3.3.4
2024.12.06 16:41:25 INFO  no build target found for D:\Documents\CSCI330\languages-idcornell\Assignment2\Functionals\Functionals\hello-world\build.sbt. Using presentation compiler with project's scala-library version: 3.3.4
2024.12.06 16:41:25 WARN  Could not find semantic tokens for: file:///D:/Documents/CSCI330/languages-idcornell/Assignment2/Functionals/Functionals/hello-world/build.sbt
2024.12.06 16:41:25 INFO  no build target found for D:\Documents\CSCI330\languages-idcornell\Assignment2\Functionals\Functionals\hello-world\build.sbt. Using presentation compiler with project's scala-library version: 3.3.4
2024.12.06 16:41:25 INFO  no build target found for D:\Documents\CSCI330\languages-idcornell\Assignment2\Functionals\Functionals\hello-world\build.sbt. Using presentation compiler with project's scala-library version: 3.3.4
2024.12.06 16:41:25 INFO  no build target found for D:\Documents\CSCI330\languages-idcornell\Assignment2\Functionals\Functionals\hello-world\build.sbt. Using presentation compiler with project's scala-library version: 3.3.4
2024.12.06 16:41:26 INFO  no build target found for D:\Documents\CSCI330\languages-idcornell\Assignment2\Functionals\Functionals\hello-world\build.sbt. Using presentation compiler with project's scala-library version: 3.3.4
2024.12.06 16:41:28 INFO  no build target found for D:\Documents\CSCI330\languages-idcornell\Assignment2\Functionals\Functionals\hello-world\build.sbt. Using presentation compiler with project's scala-library version: 3.3.4
2024.12.06 16:41:29 INFO  no build target found for D:\Documents\CSCI330\languages-idcornell\Assignment2\Functionals\Functionals\hello-world\build.sbt. Using presentation compiler with project's scala-library version: 3.3.4
2024.12.06 16:41:34 INFO  no build target found for D:\Documents\CSCI330\languages-idcornell\Assignment2\Functionals\Functionals\hello-world\build.sbt. Using presentation compiler with project's scala-library version: 3.3.4
2024.12.06 16:41:34 INFO  no build target found for D:\Documents\CSCI330\languages-idcornell\Assignment2\Functionals\Functionals\hello-world\build.sbt. Using presentation compiler with project's scala-library version: 3.3.4
2024.12.06 16:41:35 INFO  no build target found for D:\Documents\CSCI330\languages-idcornell\Assignment2\Functionals\Functionals\hello-world\build.sbt. Using presentation compiler with project's scala-library version: 3.3.4
2024.12.06 16:41:35 INFO  no build target found for D:\Documents\CSCI330\languages-idcornell\Assignment2\Functionals\Functionals\hello-world\build.sbt. Using presentation compiler with project's scala-library version: 3.3.4
2024.12.06 16:41:35 INFO  no build target found for D:\Documents\CSCI330\languages-idcornell\Assignment2\Functionals\Functionals\hello-world\build.sbt. Using presentation compiler with project's scala-library version: 3.3.4
2024.12.06 16:41:35 INFO  no build target found for D:\Documents\CSCI330\languages-idcornell\Assignment2\Functionals\Functionals\hello-world\build.sbt. Using presentation compiler with project's scala-library version: 3.3.4
2024.12.06 16:41:36 INFO  no build target found for D:\Documents\CSCI330\languages-idcornell\Assignment2\Functionals\Functionals\hello-world\build.sbt. Using presentation compiler with project's scala-library version: 3.3.4
2024.12.06 16:41:38 INFO  no build target found for D:\Documents\CSCI330\languages-idcornell\Assignment2\Functionals\Functionals\hello-world\build.sbt. Using presentation compiler with project's scala-library version: 3.3.4
2024.12.06 16:41:38 INFO  no build target found for D:\Documents\CSCI330\languages-idcornell\Assignment2\Functionals\Functionals\hello-world\build.sbt. Using presentation compiler with project's scala-library version: 3.3.4
2024.12.06 16:41:38 INFO  no build target found for D:\Documents\CSCI330\languages-idcornell\Assignment2\Functionals\Functionals\hello-world\build.sbt. Using presentation compiler with project's scala-library version: 3.3.4
2024.12.06 16:41:39 INFO  no build target found for D:\Documents\CSCI330\languages-idcornell\Assignment2\Functionals\Functionals\hello-world\build.sbt. Using presentation compiler with project's scala-library version: 3.3.4
2024.12.06 16:41:39 INFO  no build target found for D:\Documents\CSCI330\languages-idcornell\Assignment2\Functionals\Functionals\hello-world\build.sbt. Using presentation compiler with project's scala-library version: 3.3.4
2024.12.06 16:41:38 INFO  no build target found for D:\Documents\CSCI330\languages-idcornell\Assignment2\Functionals\Functionals\hello-world\build.sbt. Using presentation compiler with project's scala-library version: 3.3.4
2024.12.06 16:41:40 INFO  no build target found for D:\Documents\CSCI330\languages-idcornell\Assignment2\Functionals\Functionals\hello-world\build.sbt. Using presentation compiler with project's scala-library version: 3.3.4
2024.12.06 16:41:41 INFO  no build target found for D:\Documents\CSCI330\languages-idcornell\Assignment2\Functionals\Functionals\hello-world\build.sbt. Using presentation compiler with project's scala-library version: 3.3.4
2024.12.06 16:41:41 INFO  no build target found for D:\Documents\CSCI330\languages-idcornell\Assignment2\Functionals\Functionals\hello-world\build.sbt. Using presentation compiler with project's scala-library version: 3.3.4
2024.12.06 16:41:41 INFO  no build target found for D:\Documents\CSCI330\languages-idcornell\Assignment2\Functionals\Functionals\hello-world\build.sbt. Using presentation compiler with project's scala-library version: 3.3.4
2024.12.06 16:41:41 INFO  no build target found for D:\Documents\CSCI330\languages-idcornell\Assignment2\Functionals\Functionals\hello-world\build.sbt. Using presentation compiler with project's scala-library version: 3.3.4
2024.12.06 16:41:42 INFO  no build target found for D:\Documents\CSCI330\languages-idcornell\Assignment2\Functionals\Functionals\hello-world\build.sbt. Using presentation compiler with project's scala-library version: 3.3.4
2024.12.06 16:41:42 INFO  no build target found for D:\Documents\CSCI330\languages-idcornell\Assignment2\Functionals\Functionals\hello-world\build.sbt. Using presentation compiler with project's scala-library version: 3.3.4
2024.12.06 16:41:42 INFO  no build target found for D:\Documents\CSCI330\languages-idcornell\Assignment2\Functionals\Functionals\hello-world\build.sbt. Using presentation compiler with project's scala-library version: 3.3.4
2024.12.06 16:41:42 INFO  no build target found for D:\Documents\CSCI330\languages-idcornell\Assignment2\Functionals\Functionals\hello-world\build.sbt. Using presentation compiler with project's scala-library version: 3.3.4
2024.12.06 16:41:43 INFO  no build target found for D:\Documents\CSCI330\languages-idcornell\Assignment2\Functionals\Functionals\hello-world\build.sbt. Using presentation compiler with project's scala-library version: 3.3.4
2024.12.06 16:41:43 INFO  no build target found for D:\Documents\CSCI330\languages-idcornell\Assignment2\Functionals\Functionals\hello-world\build.sbt. Using presentation compiler with project's scala-library version: 3.3.4
2024.12.06 16:41:43 INFO  no build target found for D:\Documents\CSCI330\languages-idcornell\Assignment2\Functionals\Functionals\hello-world\build.sbt. Using presentation compiler with project's scala-library version: 3.3.4
2024.12.06 16:41:43 INFO  no build target found for D:\Documents\CSCI330\languages-idcornell\Assignment2\Functionals\Functionals\hello-world\build.sbt. Using presentation compiler with project's scala-library version: 3.3.4
2024.12.06 16:41:43 INFO  no build target found for D:\Documents\CSCI330\languages-idcornell\Assignment2\Functionals\Functionals\hello-world\build.sbt. Using presentation compiler with project's scala-library version: 3.3.4
2024.12.06 16:41:43 INFO  no build target found for D:\Documents\CSCI330\languages-idcornell\Assignment2\Functionals\Functionals\hello-world\build.sbt. Using presentation compiler with project's scala-library version: 3.3.4
2024.12.06 16:41:44 INFO  no build target found for D:\Documents\CSCI330\languages-idcornell\Assignment2\Functionals\Functionals\hello-world\build.sbt. Using presentation compiler with project's scala-library version: 3.3.4
2024.12.06 16:41:43 INFO  no build target found for D:\Documents\CSCI330\languages-idcornell\Assignment2\Functionals\Functionals\hello-world\build.sbt. Using presentation compiler with project's scala-library version: 3.3.4
2024.12.06 16:41:43 INFO  no build target found for D:\Documents\CSCI330\languages-idcornell\Assignment2\Functionals\Functionals\hello-world\build.sbt. Using presentation compiler with project's scala-library version: 3.3.4
2024.12.06 16:41:44 INFO  no build target found for D:\Documents\CSCI330\languages-idcornell\Assignment2\Functionals\Functionals\hello-world\build.sbt. Using presentation compiler with project's scala-library version: 3.3.4
2024.12.06 16:41:44 INFO  no build target found for D:\Documents\CSCI330\languages-idcornell\Assignment2\Functionals\Functionals\hello-world\build.sbt. Using presentation compiler with project's scala-library version: 3.3.4
2024.12.06 16:41:44 INFO  no build target found for D:\Documents\CSCI330\languages-idcornell\Assignment2\Functionals\Functionals\hello-world\build.sbt. Using presentation compiler with project's scala-library version: 3.3.4
2024.12.06 16:41:44 INFO  no build target found for D:\Documents\CSCI330\languages-idcornell\Assignment2\Functionals\Functionals\hello-world\build.sbt. Using presentation compiler with project's scala-library version: 3.3.4
2024.12.06 16:41:44 INFO  no build target found for D:\Documents\CSCI330\languages-idcornell\Assignment2\Functionals\Functionals\hello-world\build.sbt. Using presentation compiler with project's scala-library version: 3.3.4
2024.12.06 16:41:44 INFO  no build target found for D:\Documents\CSCI330\languages-idcornell\Assignment2\Functionals\Functionals\hello-world\build.sbt. Using presentation compiler with project's scala-library version: 3.3.4
2024.12.06 16:41:44 INFO  no build target found for D:\Documents\CSCI330\languages-idcornell\Assignment2\Functionals\Functionals\hello-world\build.sbt. Using presentation compiler with project's scala-library version: 3.3.4
2024.12.06 16:41:45 INFO  no build target found for D:\Documents\CSCI330\languages-idcornell\Assignment2\Functionals\Functionals\hello-world\build.sbt. Using presentation compiler with project's scala-library version: 3.3.4
2024.12.06 16:41:44 INFO  no build target found for D:\Documents\CSCI330\languages-idcornell\Assignment2\Functionals\Functionals\hello-world\build.sbt. Using presentation compiler with project's scala-library version: 3.3.4
2024.12.06 16:41:44 INFO  no build target found for D:\Documents\CSCI330\languages-idcornell\Assignment2\Functionals\Functionals\hello-world\build.sbt. Using presentation compiler with project's scala-library version: 3.3.4
2024.12.06 16:41:45 INFO  no build target found for D:\Documents\CSCI330\languages-idcornell\Assignment2\Functionals\Functionals\hello-world\build.sbt. Using presentation compiler with project's scala-library version: 3.3.4
2024.12.06 16:41:45 INFO  no build target found for D:\Documents\CSCI330\languages-idcornell\Assignment2\Functionals\Functionals\hello-world\build.sbt. Using presentation compiler with project's scala-library version: 3.3.4
2024.12.06 16:41:46 INFO  no build target found for D:\Documents\CSCI330\languages-idcornell\Assignment2\Functionals\Functionals\hello-world\build.sbt. Using presentation compiler with project's scala-library version: 3.3.4
2024.12.06 16:41:46 INFO  no build target found for D:\Documents\CSCI330\languages-idcornell\Assignment2\Functionals\Functionals\hello-world\build.sbt. Using presentation compiler with project's scala-library version: 3.3.4
2024.12.06 16:41:51 WARN  no build target for: D:\Documents\CSCI330\languages-idcornell\Assignment2\Functionals\Functionals\hello-world\build.sbt
2024.12.06 16:41:51 INFO  no build target found for D:\Documents\CSCI330\languages-idcornell\Assignment2\Functionals\Functionals\hello-world\build.sbt. Using presentation compiler with project's scala-library version: 3.3.4
2024.12.06 16:43:27 INFO  no build target found for D:\Documents\CSCI330\languages-idcornell\Assignment2\Functionals\Functionals\hello-world\build.sbt. Using presentation compiler with project's scala-library version: 3.3.4
2024.12.06 16:43:27 INFO  no build target found for D:\Documents\CSCI330\languages-idcornell\Assignment2\Functionals\Functionals\hello-world\build.sbt. Using presentation compiler with project's scala-library version: 3.3.4
2024.12.06 16:43:27 INFO  no build target found for D:\Documents\CSCI330\languages-idcornell\Assignment2\Functionals\Functionals\hello-world\build.sbt. Using presentation compiler with project's scala-library version: 3.3.4
2024.12.06 16:43:28 INFO  no build target found for D:\Documents\CSCI330\languages-idcornell\Assignment2\Functionals\Functionals\hello-world\build.sbt. Using presentation compiler with project's scala-library version: 3.3.4
2024.12.06 16:43:28 INFO  no build target found for D:\Documents\CSCI330\languages-idcornell\Assignment2\Functionals\Functionals\hello-world\build.sbt. Using presentation compiler with project's scala-library version: 3.3.4
Exception in thread "pool-64-thread-1" java.lang.InterruptedException
	at scala.meta.internal.metals.FutureCancelToken.checkCanceled(FutureCancelToken.scala:29)
	at scala.meta.internal.pc.CompilerAccess.onCompilerJobQueue$$anonfun$1(CompilerAccess.scala:244)
	at scala.meta.internal.pc.CompilerJobQueue$Job.run(CompilerJobQueue.scala:153)
	at java.base/java.util.concurrent.ThreadPoolExecutor.runWorker(ThreadPoolExecutor.java:1136)
	at java.base/java.util.concurrent.ThreadPoolExecutor$Worker.run(ThreadPoolExecutor.java:635)
	at java.base/java.lang.Thread.run(Thread.java:833)
2024.12.06 16:43:29 INFO  no build target found for D:\Documents\CSCI330\languages-idcornell\Assignment2\Functionals\Functionals\hello-world\build.sbt. Using presentation compiler with project's scala-library version: 3.3.4
2024.12.06 16:43:29 INFO  no build target found for D:\Documents\CSCI330\languages-idcornell\Assignment2\Functionals\Functionals\hello-world\build.sbt. Using presentation compiler with project's scala-library version: 3.3.4
2024.12.06 16:43:29 INFO  no build target found for D:\Documents\CSCI330\languages-idcornell\Assignment2\Functionals\Functionals\hello-world\build.sbt. Using presentation compiler with project's scala-library version: 3.3.4
2024.12.06 16:43:31 INFO  no build target found for D:\Documents\CSCI330\languages-idcornell\Assignment2\Functionals\Functionals\hello-world\build.sbt. Using presentation compiler with project's scala-library version: 3.3.4
2024.12.06 16:43:31 INFO  no build target found for D:\Documents\CSCI330\languages-idcornell\Assignment2\Functionals\Functionals\hello-world\build.sbt. Using presentation compiler with project's scala-library version: 3.3.4
2024.12.06 16:43:32 INFO  no build target found for D:\Documents\CSCI330\languages-idcornell\Assignment2\Functionals\Functionals\hello-world\build.sbt. Using presentation compiler with project's scala-library version: 3.3.4
2024.12.06 16:43:32 INFO  no build target found for D:\Documents\CSCI330\languages-idcornell\Assignment2\Functionals\Functionals\hello-world\build.sbt. Using presentation compiler with project's scala-library version: 3.3.4
2024.12.06 16:43:32 INFO  no build target found for D:\Documents\CSCI330\languages-idcornell\Assignment2\Functionals\Functionals\hello-world\build.sbt. Using presentation compiler with project's scala-library version: 3.3.4
2024.12.06 16:43:32 INFO  no build target found for D:\Documents\CSCI330\languages-idcornell\Assignment2\Functionals\Functionals\hello-world\build.sbt. Using presentation compiler with project's scala-library version: 3.3.4
2024.12.06 16:43:33 INFO  no build target found for D:\Documents\CSCI330\languages-idcornell\Assignment2\Functionals\Functionals\hello-world\build.sbt. Using presentation compiler with project's scala-library version: 3.3.4
2024.12.06 16:43:34 INFO  no build target found for D:\Documents\CSCI330\languages-idcornell\Assignment2\Functionals\Functionals\hello-world\build.sbt. Using presentation compiler with project's scala-library version: 3.3.4
2024.12.06 16:43:34 INFO  no build target found for D:\Documents\CSCI330\languages-idcornell\Assignment2\Functionals\Functionals\hello-world\build.sbt. Using presentation compiler with project's scala-library version: 3.3.4
2024.12.06 16:43:37 WARN  no build target for: D:\Documents\CSCI330\languages-idcornell\Assignment2\Functionals\Functionals\hello-world\build.sbt
2024.12.06 16:43:37 INFO  no build target found for D:\Documents\CSCI330\languages-idcornell\Assignment2\Functionals\Functionals\hello-world\build.sbt. Using presentation compiler with project's scala-library version: 3.3.4
2024.12.06 16:46:09 INFO  compiling languages-idcornell_f4dd477a3a (3 scala sources)
2024.12.06 16:46:09 INFO  time: compiled languages-idcornell_f4dd477a3a in 0.16s
2024.12.06 16:55:21 INFO  no build target found for D:\Documents\CSCI330\languages-idcornell\Assignment2\Functionals\Functionals\hello-world\build.sbt. Using presentation compiler with project's scala-library version: 3.3.4
2024.12.06 16:55:21 INFO  no build target found for D:\Documents\CSCI330\languages-idcornell\Assignment2\Functionals\Functionals\hello-world\build.sbt. Using presentation compiler with project's scala-library version: 3.3.4
2024.12.06 16:55:23 INFO  no build target found for D:\Documents\CSCI330\languages-idcornell\Assignment2\Functionals\Functionals\hello-world\build.sbt. Using presentation compiler with project's scala-library version: 3.3.4
2024.12.06 16:57:23 INFO  no build target found for D:\Documents\CSCI330\languages-idcornell\Assignment2\Functionals\Functionals\hello-world\build.sbt. Using presentation compiler with project's scala-library version: 3.3.4
2024.12.06 16:57:25 INFO  no build target found for D:\Documents\CSCI330\languages-idcornell\Assignment2\Functionals\Functionals\hello-world\build.sbt. Using presentation compiler with project's scala-library version: 3.3.4
Dec 06, 2024 4:57:59 PM org.eclipse.lsp4j.jsonrpc.services.GenericEndpoint notify
INFO: Unsupported notification method: $/setTrace
2024.12.06 16:58:38 INFO  no build target found for D:\Documents\CSCI330\languages-idcornell\Assignment2\Functionals\Functionals\hello-world\build.sbt. Using presentation compiler with project's scala-library version: 3.3.4
2024.12.06 16:58:38 INFO  no build target found for D:\Documents\CSCI330\languages-idcornell\Assignment2\Functionals\Functionals\hello-world\build.sbt. Using presentation compiler with project's scala-library version: 3.3.4
2024.12.06 16:59:06 INFO  no build target found for D:\Documents\CSCI330\languages-idcornell\Assignment2\Functionals\Functionals\hello-world\build.sbt. Using presentation compiler with project's scala-library version: 3.3.4
2024.12.06 16:59:06 INFO  no build target found for D:\Documents\CSCI330\languages-idcornell\Assignment2\Functionals\Functionals\hello-world\build.sbt. Using presentation compiler with project's scala-library version: 3.3.4
2024.12.06 16:59:09 INFO  no build target found for D:\Documents\CSCI330\languages-idcornell\Assignment2\Functionals\Functionals\hello-world\build.sbt. Using presentation compiler with project's scala-library version: 3.3.4
2024.12.06 16:59:52 INFO  no build target found for D:\Documents\CSCI330\languages-idcornell\Assignment2\Functionals\Functionals\hello-world\build.sbt. Using presentation compiler with project's scala-library version: 3.3.4
2024.12.06 16:59:52 INFO  no build target found for D:\Documents\CSCI330\languages-idcornell\Assignment2\Functionals\Functionals\hello-world\build.sbt. Using presentation compiler with project's scala-library version: 3.3.4
2024.12.06 16:59:53 INFO  no build target found for D:\Documents\CSCI330\languages-idcornell\Assignment2\Functionals\Functionals\hello-world\build.sbt. Using presentation compiler with project's scala-library version: 3.3.4
2024.12.06 16:59:53 INFO  no build target found for D:\Documents\CSCI330\languages-idcornell\Assignment2\Functionals\Functionals\hello-world\build.sbt. Using presentation compiler with project's scala-library version: 3.3.4
2024.12.06 16:59:53 INFO  no build target found for D:\Documents\CSCI330\languages-idcornell\Assignment2\Functionals\Functionals\hello-world\build.sbt. Using presentation compiler with project's scala-library version: 3.3.4
2024.12.06 16:59:53 INFO  no build target found for D:\Documents\CSCI330\languages-idcornell\Assignment2\Functionals\Functionals\hello-world\build.sbt. Using presentation compiler with project's scala-library version: 3.3.4
2024.12.06 16:59:53 INFO  no build target found for D:\Documents\CSCI330\languages-idcornell\Assignment2\Functionals\Functionals\hello-world\build.sbt. Using presentation compiler with project's scala-library version: 3.3.4
2024.12.06 16:59:53 INFO  no build target found for D:\Documents\CSCI330\languages-idcornell\Assignment2\Functionals\Functionals\hello-world\build.sbt. Using presentation compiler with project's scala-library version: 3.3.4
2024.12.06 16:59:55 INFO  no build target found for D:\Documents\CSCI330\languages-idcornell\Assignment2\Functionals\Functionals\hello-world\build.sbt. Using presentation compiler with project's scala-library version: 3.3.4
2024.12.06 16:59:55 INFO  no build target found for D:\Documents\CSCI330\languages-idcornell\Assignment2\Functionals\Functionals\hello-world\build.sbt. Using presentation compiler with project's scala-library version: 3.3.4
2024.12.06 16:59:55 INFO  no build target found for D:\Documents\CSCI330\languages-idcornell\Assignment2\Functionals\Functionals\hello-world\build.sbt. Using presentation compiler with project's scala-library version: 3.3.4
2024.12.06 16:59:55 INFO  no build target found for D:\Documents\CSCI330\languages-idcornell\Assignment2\Functionals\Functionals\hello-world\build.sbt. Using presentation compiler with project's scala-library version: 3.3.4
2024.12.06 16:59:55 INFO  no build target found for D:\Documents\CSCI330\languages-idcornell\Assignment2\Functionals\Functionals\hello-world\build.sbt. Using presentation compiler with project's scala-library version: 3.3.4
2024.12.06 16:59:55 INFO  no build target found for D:\Documents\CSCI330\languages-idcornell\Assignment2\Functionals\Functionals\hello-world\build.sbt. Using presentation compiler with project's scala-library version: 3.3.4
2024.12.06 16:59:55 INFO  no build target found for D:\Documents\CSCI330\languages-idcornell\Assignment2\Functionals\Functionals\hello-world\build.sbt. Using presentation compiler with project's scala-library version: 3.3.4
2024.12.06 16:59:56 INFO  no build target found for D:\Documents\CSCI330\languages-idcornell\Assignment2\Functionals\Functionals\hello-world\build.sbt. Using presentation compiler with project's scala-library version: 3.3.4
2024.12.06 16:59:56 INFO  no build target found for D:\Documents\CSCI330\languages-idcornell\Assignment2\Functionals\Functionals\hello-world\build.sbt. Using presentation compiler with project's scala-library version: 3.3.4
2024.12.06 16:59:55 INFO  no build target found for D:\Documents\CSCI330\languages-idcornell\Assignment2\Functionals\Functionals\hello-world\build.sbt. Using presentation compiler with project's scala-library version: 3.3.4
2024.12.06 16:59:56 INFO  no build target found for D:\Documents\CSCI330\languages-idcornell\Assignment2\Functionals\Functionals\hello-world\build.sbt. Using presentation compiler with project's scala-library version: 3.3.4
2024.12.06 16:59:56 INFO  no build target found for D:\Documents\CSCI330\languages-idcornell\Assignment2\Functionals\Functionals\hello-world\build.sbt. Using presentation compiler with project's scala-library version: 3.3.4
2024.12.06 16:59:56 INFO  no build target found for D:\Documents\CSCI330\languages-idcornell\Assignment2\Functionals\Functionals\hello-world\build.sbt. Using presentation compiler with project's scala-library version: 3.3.4
2024.12.06 16:59:56 INFO  no build target found for D:\Documents\CSCI330\languages-idcornell\Assignment2\Functionals\Functionals\hello-world\build.sbt. Using presentation compiler with project's scala-library version: 3.3.4
2024.12.06 17:00:01 INFO  no build target found for D:\Documents\CSCI330\languages-idcornell\Assignment2\Functionals\Functionals\hello-world\build.sbt. Using presentation compiler with project's scala-library version: 3.3.4
2024.12.06 17:00:08 INFO  no build target found for D:\Documents\CSCI330\languages-idcornell\Assignment2\Functionals\Functionals\hello-world\build.sbt. Using presentation compiler with project's scala-library version: 3.3.4
2024.12.06 17:00:08 INFO  no build target found for D:\Documents\CSCI330\languages-idcornell\Assignment2\Functionals\Functionals\hello-world\build.sbt. Using presentation compiler with project's scala-library version: 3.3.4
2024.12.06 17:00:08 INFO  no build target found for D:\Documents\CSCI330\languages-idcornell\Assignment2\Functionals\Functionals\hello-world\build.sbt. Using presentation compiler with project's scala-library version: 3.3.4
2024.12.06 17:00:08 INFO  no build target found for D:\Documents\CSCI330\languages-idcornell\Assignment2\Functionals\Functionals\hello-world\build.sbt. Using presentation compiler with project's scala-library version: 3.3.4
2024.12.06 17:00:08 INFO  no build target found for D:\Documents\CSCI330\languages-idcornell\Assignment2\Functionals\Functionals\hello-world\build.sbt. Using presentation compiler with project's scala-library version: 3.3.4
2024.12.06 17:00:09 INFO  no build target found for D:\Documents\CSCI330\languages-idcornell\Assignment2\Functionals\Functionals\hello-world\build.sbt. Using presentation compiler with project's scala-library version: 3.3.4
2024.12.06 17:00:09 INFO  no build target found for D:\Documents\CSCI330\languages-idcornell\Assignment2\Functionals\Functionals\hello-world\build.sbt. Using presentation compiler with project's scala-library version: 3.3.4
2024.12.06 17:00:09 INFO  no build target found for D:\Documents\CSCI330\languages-idcornell\Assignment2\Functionals\Functionals\hello-world\build.sbt. Using presentation compiler with project's scala-library version: 3.3.4
2024.12.06 17:00:09 INFO  no build target found for D:\Documents\CSCI330\languages-idcornell\Assignment2\Functionals\Functionals\hello-world\build.sbt. Using presentation compiler with project's scala-library version: 3.3.4
2024.12.06 17:00:09 INFO  no build target found for D:\Documents\CSCI330\languages-idcornell\Assignment2\Functionals\Functionals\hello-world\build.sbt. Using presentation compiler with project's scala-library version: 3.3.4
2024.12.06 17:00:09 INFO  no build target found for D:\Documents\CSCI330\languages-idcornell\Assignment2\Functionals\Functionals\hello-world\build.sbt. Using presentation compiler with project's scala-library version: 3.3.4
2024.12.06 17:00:09 INFO  no build target found for D:\Documents\CSCI330\languages-idcornell\Assignment2\Functionals\Functionals\hello-world\build.sbt. Using presentation compiler with project's scala-library version: 3.3.4
2024.12.06 17:00:09 INFO  no build target found for D:\Documents\CSCI330\languages-idcornell\Assignment2\Functionals\Functionals\hello-world\build.sbt. Using presentation compiler with project's scala-library version: 3.3.4
2024.12.06 17:00:09 INFO  no build target found for D:\Documents\CSCI330\languages-idcornell\Assignment2\Functionals\Functionals\hello-world\build.sbt. Using presentation compiler with project's scala-library version: 3.3.4
2024.12.06 17:00:09 INFO  no build target found for D:\Documents\CSCI330\languages-idcornell\Assignment2\Functionals\Functionals\hello-world\build.sbt. Using presentation compiler with project's scala-library version: 3.3.4
2024.12.06 17:00:10 INFO  no build target found for D:\Documents\CSCI330\languages-idcornell\Assignment2\Functionals\Functionals\hello-world\build.sbt. Using presentation compiler with project's scala-library version: 3.3.4
2024.12.06 17:00:10 INFO  no build target found for D:\Documents\CSCI330\languages-idcornell\Assignment2\Functionals\Functionals\hello-world\build.sbt. Using presentation compiler with project's scala-library version: 3.3.4
2024.12.06 17:00:10 INFO  no build target found for D:\Documents\CSCI330\languages-idcornell\Assignment2\Functionals\Functionals\hello-world\build.sbt. Using presentation compiler with project's scala-library version: 3.3.4
2024.12.06 17:00:10 INFO  no build target found for D:\Documents\CSCI330\languages-idcornell\Assignment2\Functionals\Functionals\hello-world\build.sbt. Using presentation compiler with project's scala-library version: 3.3.4
2024.12.06 17:00:10 INFO  no build target found for D:\Documents\CSCI330\languages-idcornell\Assignment2\Functionals\Functionals\hello-world\build.sbt. Using presentation compiler with project's scala-library version: 3.3.4
2024.12.06 17:00:09 INFO  no build target found for D:\Documents\CSCI330\languages-idcornell\Assignment2\Functionals\Functionals\hello-world\build.sbt. Using presentation compiler with project's scala-library version: 3.3.4
2024.12.06 17:00:10 INFO  no build target found for D:\Documents\CSCI330\languages-idcornell\Assignment2\Functionals\Functionals\hello-world\build.sbt. Using presentation compiler with project's scala-library version: 3.3.4
2024.12.06 17:00:10 INFO  no build target found for D:\Documents\CSCI330\languages-idcornell\Assignment2\Functionals\Functionals\hello-world\build.sbt. Using presentation compiler with project's scala-library version: 3.3.4
2024.12.06 17:00:10 INFO  no build target found for D:\Documents\CSCI330\languages-idcornell\Assignment2\Functionals\Functionals\hello-world\build.sbt. Using presentation compiler with project's scala-library version: 3.3.4
2024.12.06 17:00:11 INFO  no build target found for D:\Documents\CSCI330\languages-idcornell\Assignment2\Functionals\Functionals\hello-world\build.sbt. Using presentation compiler with project's scala-library version: 3.3.4
2024.12.06 17:00:11 INFO  no build target found for D:\Documents\CSCI330\languages-idcornell\Assignment2\Functionals\Functionals\hello-world\build.sbt. Using presentation compiler with project's scala-library version: 3.3.4
2024.12.06 17:00:11 INFO  no build target found for D:\Documents\CSCI330\languages-idcornell\Assignment2\Functionals\Functionals\hello-world\build.sbt. Using presentation compiler with project's scala-library version: 3.3.4
2024.12.06 17:00:12 INFO  no build target found for D:\Documents\CSCI330\languages-idcornell\Assignment2\Functionals\Functionals\hello-world\build.sbt. Using presentation compiler with project's scala-library version: 3.3.4
2024.12.06 17:00:12 INFO  no build target found for D:\Documents\CSCI330\languages-idcornell\Assignment2\Functionals\Functionals\hello-world\build.sbt. Using presentation compiler with project's scala-library version: 3.3.4
2024.12.06 17:00:12 INFO  no build target found for D:\Documents\CSCI330\languages-idcornell\Assignment2\Functionals\Functionals\hello-world\build.sbt. Using presentation compiler with project's scala-library version: 3.3.4
2024.12.06 17:00:12 INFO  no build target found for D:\Documents\CSCI330\languages-idcornell\Assignment2\Functionals\Functionals\hello-world\build.sbt. Using presentation compiler with project's scala-library version: 3.3.4
2024.12.06 17:00:12 INFO  no build target found for D:\Documents\CSCI330\languages-idcornell\Assignment2\Functionals\Functionals\hello-world\build.sbt. Using presentation compiler with project's scala-library version: 3.3.4
2024.12.06 17:00:12 INFO  no build target found for D:\Documents\CSCI330\languages-idcornell\Assignment2\Functionals\Functionals\hello-world\build.sbt. Using presentation compiler with project's scala-library version: 3.3.4
2024.12.06 17:00:14 INFO  no build target found for D:\Documents\CSCI330\languages-idcornell\Assignment2\Functionals\Functionals\hello-world\build.sbt. Using presentation compiler with project's scala-library version: 3.3.4
2024.12.06 17:00:14 INFO  no build target found for D:\Documents\CSCI330\languages-idcornell\Assignment2\Functionals\Functionals\hello-world\build.sbt. Using presentation compiler with project's scala-library version: 3.3.4
2024.12.06 17:00:15 WARN  no build target for: D:\Documents\CSCI330\languages-idcornell\Assignment2\Functionals\Functionals\hello-world\build.sbt
2024.12.06 17:00:15 INFO  no build target found for D:\Documents\CSCI330\languages-idcornell\Assignment2\Functionals\Functionals\hello-world\build.sbt. Using presentation compiler with project's scala-library version: 3.3.4
2024.12.06 17:01:58 WARN  Flyway upgrade recommended: H2 2.3.232 is newer than this version of Flyway and support has not been tested. The latest supported version of H2 is 2.2.224.
2024.12.06 17:01:58 INFO  no build target found for D:\Documents\CSCI330\Functionals\hello-world\src\main\scala\Main.scala. Using presentation compiler with project's scala-library version: 3.3.4
2024.12.06 17:01:58 INFO  no build target found for D:\Documents\CSCI330\Functionals\hello-world\src\main\scala\Main.scala. Using presentation compiler with project's scala-library version: 3.3.4
2024.12.06 17:01:58 INFO  no build target found for D:\Documents\CSCI330\Functionals\hello-world\src\main\scala\Main.scala. Using presentation compiler with project's scala-library version: 3.3.4
2024.12.06 17:01:58 INFO  no build target found for D:\Documents\CSCI330\Functionals\hello-world\src\main\scala\Main.scala. Using presentation compiler with project's scala-library version: 3.3.4
2024.12.06 17:01:59 INFO  Running List(C:\Users\ianco\AppData\Local\Coursier\data\bin\scala-cli.BAT, bsp, --workspace, D:\Documents\CSCI330\Functionals\hello-world\src\main\scala\.metals-scala-cli, --semantic-db-source-root, D:\Documents\CSCI330\Functionals\hello-world\src\main\scala, D:\Documents\CSCI330\Functionals\hello-world\src\main\scala\Main.scala)
2024.12.06 17:02:00 INFO  time: code lens generation in 1.64s
2024.12.06 17:02:00 INFO  tracing is disabled for protocol BSP, to enable tracing of incoming and outgoing JSON messages create an empty file at D:\Documents\CSCI330\Functionals\hello-world\src\main\scala\.metals\bsp.trace.json or C:\Users\ianco\AppData\Local\scalameta\metals\cache\bsp.trace.json
2024.12.06 17:02:00 INFO  Connected to Scala CLI server v1.5.0
2024.12.06 17:02:01 INFO  compiling _7111a07a95-98dc664303 (1 scala source)
2024.12.06 17:02:01 INFO  time: compiled _7111a07a95-98dc664303 in 0.29s
2024.12.06 17:02:01 INFO  compiling _7111a07a95-98dc664303 (1 scala source)
2024.12.06 17:02:01 INFO  time: compiled _7111a07a95-98dc664303 in 90ms
2024.12.06 17:02:02 WARN  Flyway upgrade recommended: H2 2.3.232 is newer than this version of Flyway and support has not been tested. The latest supported version of H2 is 2.2.224.
2024.12.06 17:02:02 INFO  time: indexed workspace in 1.67s
2024.12.06 17:02:03 INFO  compiling _7111a07a95-98dc664303 (1 scala source)
2024.12.06 17:02:03 INFO  time: compiled _7111a07a95-98dc664303 in 75ms
2024.12.06 17:02:03 INFO  Scala CLI started for D:\Documents\CSCI330\Functionals\hello-world\src\main\scala\Main.scala
2024.12.06 17:02:03 INFO  compiling _7111a07a95-98dc664303 (1 scala source)
2024.12.06 17:02:03 INFO  time: compiled _7111a07a95-98dc664303 in 83ms
2024.12.06 17:02:04 INFO  Shut down connection with build server.
2024.12.06 17:02:04 INFO  no build target found for D:\Documents\CSCI330\languages-idcornell\Assignment2\Functionals\Functionals\hello-world\build.sbt. Using presentation compiler with project's scala-library version: 3.3.4
2024.12.06 17:02:04 INFO  Scala CLI: Dec 06, 2024 5:02:04 PM org.eclipse.lsp4j.jsonrpc.RemoteEndpoint handleNotification
2024.12.06 17:02:04 INFO  no build target found for D:\Documents\CSCI330\languages-idcornell\Assignment2\Functionals\Functionals\hello-world\build.sbt. Using presentation compiler with project's scala-library version: 3.3.4
2024.12.06 17:03:40 INFO  no build target found for D:\Documents\CSCI330\languages-idcornell\Assignment2\Functionals\Functionals\hello-world\build.sbt. Using presentation compiler with project's scala-library version: 3.3.4
2024.12.06 17:03:41 INFO  no build target found for D:\Documents\CSCI330\languages-idcornell\Assignment2\Functionals\Functionals\hello-world\build.sbt. Using presentation compiler with project's scala-library version: 3.3.4
2024.12.06 17:03:40 INFO  no build target found for D:\Documents\CSCI330\languages-idcornell\Assignment2\Functionals\Functionals\hello-world\build.sbt. Using presentation compiler with project's scala-library version: 3.3.4
2024.12.06 17:05:17 INFO  time: Imported build in 0.11s
2024.12.06 17:05:18 INFO  running doctor check
2024.12.06 17:05:18 INFO  java targets: languages-idcornell_f4dd477a3a, languages-idcornell_f4dd477a3a-test
2024.12.06 17:05:18 INFO  compiling languages-idcornell_f4dd477a3a (5 scala sources)
2024.12.06 17:05:18 INFO  time: compiled languages-idcornell_f4dd477a3a in 0.57s
2024.12.06 17:05:18 INFO  compiling languages-idcornell_f4dd477a3a (5 scala sources)
2024.12.06 17:05:19 INFO  time: compiled languages-idcornell_f4dd477a3a in 0.77s
2024.12.06 17:05:20 INFO  time: indexed workspace in 2.93s
2024.12.06 17:05:58 INFO  Cancelling compilation on scala-cli server
2024.12.06 17:05:58 INFO  compiling languages-idcornell_f4dd477a3a (2 scala sources)
2024.12.06 17:05:58 WARN  Invalid text document uri received from build server: file:///D:/Documents/CSCI330/languages-idcornell/Assignment2/Functionals/Functionals/hello-world/src/main/scala/Main.scala
2024.12.06 17:05:58 WARN  Invalid text document uri received from build server: file:///D:/Documents/CSCI330/languages-idcornell/Assignment2/Functionals/Functionals/hello-world/src/main/scala/JsonSort.scala
2024.12.06 17:05:58 WARN  Invalid text document uri received from build server: file:///D:/Documents/CSCI330/languages-idcornell/Assignment2/Functionals/Functionals/hello-world/src/main/scala/HelloWorldServer.scala
2024.12.06 17:05:58 INFO  time: compiled languages-idcornell_f4dd477a3a in 0.1s
2024.12.06 17:05:58 INFO  compiling languages-idcornell_f4dd477a3a (2 scala sources)
2024.12.06 17:05:58 INFO  time: compiled languages-idcornell_f4dd477a3a in 96ms
2024.12.06 17:05:58 INFO  time: Imported build in 0.23s
2024.12.06 17:05:58 INFO  time: Imported build in 0.23s
2024.12.06 17:05:58 INFO  running doctor check
2024.12.06 17:05:58 INFO  java targets: languages-idcornell_f4dd477a3a, languages-idcornell_f4dd477a3a-test
2024.12.06 17:05:58 INFO  running doctor check
2024.12.06 17:05:58 INFO  java targets: languages-idcornell_f4dd477a3a, languages-idcornell_f4dd477a3a-test
2024.12.06 17:05:58 INFO  compiling languages-idcornell_f4dd477a3a (2 scala sources)
2024.12.06 17:05:58 INFO  time: compiled languages-idcornell_f4dd477a3a in 86ms
2024.12.06 17:05:58 INFO  time: indexed workspace in 0.9s
2024.12.06 17:05:58 INFO  time: indexed workspace in 0.91s
2024.12.06 17:15:26 INFO  no build target found for D:\Documents\CSCI330\languages-idcornell\Assignment2\hello-world\src\main\scala\HelloWorldServer.scala. Using presentation compiler with project's scala-library version: 3.3.4
2024.12.06 17:15:26 INFO  no build target found for D:\Documents\CSCI330\languages-idcornell\Assignment2\hello-world\src\main\scala\HelloWorldServer.scala. Using presentation compiler with project's scala-library version: 3.3.4
2024.12.06 17:15:26 WARN  no build target for: D:\Documents\CSCI330\languages-idcornell\Assignment2\hello-world\src\main\scala\HelloWorldServer.scala
2024.12.06 17:15:26 INFO  no build target found for D:\Documents\CSCI330\languages-idcornell\Assignment2\hello-world\src\main\scala\HelloWorldServer.scala. Using presentation compiler with project's scala-library version: 3.3.4
2024.12.06 17:15:26 INFO  compiling languages-idcornell_f4dd477a3a (3 scala sources)
2024.12.06 17:15:26 WARN  Could not find semantic tokens for: file:///D:/Documents/CSCI330/languages-idcornell/Assignment2/hello-world/src/main/scala/HelloWorldServer.scala
2024.12.06 17:15:26 INFO  time: compiled languages-idcornell_f4dd477a3a in 0.17s
2024.12.06 17:15:26 INFO  time: Imported build in 0.29s
2024.12.06 17:15:26 INFO  running doctor check
2024.12.06 17:15:26 INFO  java targets: languages-idcornell_f4dd477a3a, languages-idcornell_f4dd477a3a-test
2024.12.06 17:15:26 INFO  compiling languages-idcornell_f4dd477a3a (3 scala sources)
2024.12.06 17:15:26 INFO  time: compiled languages-idcornell_f4dd477a3a in 75ms
2024.12.06 17:15:29 INFO  time: indexed workspace in 2.68s
2024.12.06 17:15:29 WARN  Could not find semantic tokens for: file:///D:/Documents/CSCI330/languages-idcornell/Assignment2/hello-world/src/main/scala/HelloWorldServer.scala
2024.12.06 17:15:29 INFO  compiling languages-idcornell_f4dd477a3a (3 scala sources)
2024.12.06 17:15:29 INFO  time: compiled languages-idcornell_f4dd477a3a in 80ms
2024.12.06 17:15:30 WARN  Could not find semantic tokens for: file:///D:/Documents/CSCI330/languages-idcornell/Assignment2/hello-world/src/main/scala/HelloWorldServer.scala
2024.12.06 17:15:35 INFO  compiling languages-idcornell_f4dd477a3a (3 scala sources)
2024.12.06 17:15:35 INFO  time: compiled languages-idcornell_f4dd477a3a in 0.12s
